2025-04-23 17:49:22,937 - INFO - Starting software testing course creation/update...
2025-04-23 17:49:22,974 - INFO - Found admin user
2025-04-23 17:49:23,023 - INFO - Category created: Software Testing
2025-04-23 17:49:23,083 - INFO - Course updated: Comprehensive Software Testing Masterclass
2025-04-23 17:49:23,132 - INFO - Instructor created: admin
2025-04-23 17:49:23,136 - ERROR - Error occurred: name 'modules' is not defined
2025-04-23 17:49:23,162 - ERROR - Traceback (most recent call last):
  File "C:\Users\Santhanam\OneDrive\Personal\Full stack web development\eduplatform\backend\scripts\create_testing_course.py", line 2194, in <module>
    create_or_update_software_testing_course()
    ~~~~~~~~~~~~~~~~~~~~~~~~~~~~~~~~~~~~~~~~^^
  File "C:\Users\Santhanam\OneDrive\Personal\Full stack web development\eduplatform\backend\scripts\create_testing_course.py", line 196, in create_or_update_software_testing_course
    modules = create_course_modules(course)
  File "C:\Users\Santhanam\OneDrive\Personal\Full stack web development\eduplatform\backend\scripts\create_testing_course.py", line 2098, in create_course_modules
    logger.info(f"Created {len(modules)} module definitions for the course")
                               ^^^^^^^
NameError: name 'modules' is not defined. Did you mean: 'Module'?

2025-04-23 18:05:27,966 - INFO - Starting software testing course creation/update...
2025-04-23 18:05:27,997 - INFO - Found admin user
2025-04-23 18:05:28,020 - INFO - Category created: Software Testing
2025-04-23 18:05:28,056 - INFO - Course updated: Comprehensive Software Testing Masterclass
2025-04-23 18:05:28,082 - INFO - Instructor created: admin
2025-04-23 18:05:28,084 - INFO - Created 5 module definitions for the course
2025-04-23 18:05:28,126 - INFO - Module 1 created: Introduction to Software Testing
2025-04-23 18:05:28,166 - INFO - Lesson 1.1 created: What is Software Testing?
2025-04-23 18:05:28,183 - INFO - Assessment created for lesson 1.1: Software Testing Fundamentals Quiz
2025-04-23 18:05:28,189 - INFO - Deleted existing questions for assessment: Software Testing Fundamentals Quiz
2025-04-23 18:05:28,192 - INFO - Question 1 created for assessment: What is the primary goal of software testing?
2025-04-23 18:05:28,209 - INFO - Answer created for question 1: To make the software look attractive
2025-04-23 18:05:28,212 - INFO - Answer created for question 1: To find and fix defects in the software
2025-04-23 18:05:28,218 - INFO - Answer created for question 1: To develop the software faster
2025-04-23 18:05:28,223 - INFO - Answer created for question 1: To reduce development costs
2025-04-23 18:05:28,227 - INFO - Question 2 created for assessment: Which of the following is NOT one of the key objectives of software testing?
2025-04-23 18:05:28,230 - INFO - Answer created for question 2: Defect detection
2025-04-23 18:05:28,236 - INFO - Answer created for question 2: Quality assurance
2025-04-23 18:05:28,239 - INFO - Answer created for question 2: Code development
2025-04-23 18:05:28,244 - INFO - Answer created for question 2: Reliability assessment
2025-04-23 18:05:28,249 - INFO - Question 3 created for assessment: When should testing ideally begin in the software development lifecycle?
2025-04-23 18:05:28,255 - INFO - Answer created for question 3: After the development is complete
2025-04-23 18:05:28,257 - INFO - Answer created for question 3: As early as possible in the development lifecycle
2025-04-23 18:05:28,263 - INFO - Answer created for question 3: Just before releasing the software
2025-04-23 18:05:28,268 - INFO - Answer created for question 3: Only when bugs are reported
2025-04-23 18:05:28,284 - INFO - Lesson 1.2 created: Software Testing Principles
2025-04-23 18:05:28,288 - INFO - Assessment created for lesson 1.2: Testing Principles Assessment
2025-04-23 18:05:28,290 - INFO - Deleted existing questions for assessment: Testing Principles Assessment
2025-04-23 18:05:28,292 - INFO - Question 1 created for assessment: Which principle states that "If the same tests are repeated over and over again, eventually they will no longer find new defects"?
2025-04-23 18:05:28,295 - INFO - Answer created for question 1: Pesticide paradox
2025-04-23 18:05:28,298 - INFO - Answer created for question 1: Defect clustering
2025-04-23 18:05:28,301 - INFO - Answer created for question 1: Early testing
2025-04-23 18:05:28,303 - INFO - Answer created for question 1: Absence-of-errors fallacy
2025-04-23 18:05:28,305 - INFO - Question 2 created for assessment: What does the principle "Testing shows the presence of defects, not their absence" mean?
2025-04-23 18:05:28,306 - INFO - Answer created for question 2: Testing can only find bugs, not prove they don't exist
2025-04-23 18:05:28,307 - INFO - Answer created for question 2: Testing is only useful for finding defects
2025-04-23 18:05:28,309 - INFO - Answer created for question 2: Testing always finds all defects
2025-04-23 18:05:28,314 - INFO - Answer created for question 2: Absence of defects is impossible
2025-04-23 18:05:28,319 - INFO - Question 3 created for assessment: Why is "Exhaustive testing is impossible"?
2025-04-23 18:05:28,324 - INFO - Answer created for question 3: Because developers make too many errors
2025-04-23 18:05:28,329 - INFO - Answer created for question 3: Because there are too many possible input combinations to test them all
2025-04-23 18:05:28,334 - INFO - Answer created for question 3: Because testers get tired of testing
2025-04-23 18:05:28,340 - INFO - Answer created for question 3: Because testing tools have limitations
2025-04-23 18:05:28,356 - INFO - Lesson 1.3 created: Software Development Lifecycle and Testing
2025-04-23 18:05:28,362 - INFO - Assessment created for lesson 1.3: SDLC and Testing Quiz
2025-04-23 18:05:28,368 - INFO - Deleted existing questions for assessment: SDLC and Testing Quiz
2025-04-23 18:05:28,370 - INFO - Question 1 created for assessment: In which SDLC model is testing performed as a distinct phase after development is complete?
2025-04-23 18:05:28,371 - INFO - Answer created for question 1: Agile
2025-04-23 18:05:28,372 - INFO - Answer created for question 1: DevOps
2025-04-23 18:05:28,373 - INFO - Answer created for question 1: Waterfall
2025-04-23 18:05:28,374 - INFO - Answer created for question 1: Spiral
2025-04-23 18:05:28,378 - INFO - Question 2 created for assessment: What is "Shift-Left" testing?
2025-04-23 18:05:28,383 - INFO - Answer created for question 2: Testing only the leftmost modules in the architecture
2025-04-23 18:05:28,388 - INFO - Answer created for question 2: Moving testing activities to earlier stages in the development lifecycle
2025-04-23 18:05:28,392 - INFO - Answer created for question 2: Testing on left-handed devices only
2025-04-23 18:05:28,397 - INFO - Answer created for question 2: A left-to-right testing approach for user interfaces
2025-04-23 18:05:28,407 - INFO - Module 2 created: Testing Types and Methodologies
2025-04-23 18:05:28,413 - INFO - Lesson 2.1 created: Functional vs. Non-functional Testing
2025-04-23 18:05:28,422 - INFO - Resource created for lesson 2.1: Functional Testing Cheat Sheet
2025-04-23 18:05:28,426 - INFO - Resource created for lesson 2.1: Non-Functional Testing Tools Overview
2025-04-23 18:05:28,435 - INFO - Assessment created for lesson 2.1: Functional vs. Non-functional Testing Quiz
2025-04-23 18:05:28,436 - INFO - Deleted existing questions for assessment: Functional vs. Non-functional Testing Quiz
2025-04-23 18:05:28,440 - INFO - Question 1 created for assessment: Which of the following is a non-functional testing type?
2025-04-23 18:05:28,441 - INFO - Answer created for question 1: Unit testing
2025-04-23 18:05:28,442 - INFO - Answer created for question 1: Integration testing
2025-04-23 18:05:28,445 - INFO - Answer created for question 1: Performance testing
2025-04-23 18:05:28,451 - INFO - Answer created for question 1: System testing
2025-04-23 18:05:28,456 - INFO - Question 2 created for assessment: What is the main focus of functional testing?
2025-04-23 18:05:28,457 - INFO - Answer created for question 2: How well the system performs
2025-04-23 18:05:28,458 - INFO - Answer created for question 2: What the system does
2025-04-23 18:05:28,461 - INFO - Answer created for question 2: How secure the system is
2025-04-23 18:05:28,465 - INFO - Answer created for question 2: How easy the system is to use
2025-04-23 18:05:28,473 - INFO - Lesson 2.2 created: Black Box vs. White Box Testing
2025-04-23 18:05:28,483 - INFO - Assessment created for lesson 2.2: Testing Approaches Quiz
2025-04-23 18:05:28,489 - INFO - Deleted existing questions for assessment: Testing Approaches Quiz
2025-04-23 18:05:28,491 - INFO - Question 1 created for assessment: Which testing technique requires knowledge of the internal code structure?
2025-04-23 18:05:28,492 - INFO - Answer created for question 1: Black Box Testing
2025-04-23 18:05:28,496 - INFO - Answer created for question 1: White Box Testing
2025-04-23 18:05:28,501 - INFO - Answer created for question 1: Beta Testing
2025-04-23 18:05:28,505 - INFO - Answer created for question 1: Exploratory Testing
2025-04-23 18:05:28,507 - INFO - Question 2 created for assessment: Statement coverage is a technique used in which testing approach?
2025-04-23 18:05:28,509 - INFO - Answer created for question 2: Black Box Testing
2025-04-23 18:05:28,512 - INFO - Answer created for question 2: White Box Testing
2025-04-23 18:05:28,515 - INFO - Answer created for question 2: Usability Testing
2025-04-23 18:05:28,518 - INFO - Answer created for question 2: Acceptance Testing
2025-04-23 18:05:28,519 - INFO - Question 3 created for assessment: Gray Box Testing is characterized by:
2025-04-23 18:05:28,520 - INFO - Answer created for question 3: No knowledge of internal code
2025-04-23 18:05:28,521 - INFO - Answer created for question 3: Complete knowledge of internal code
2025-04-23 18:05:28,522 - INFO - Answer created for question 3: Partial knowledge of internal code
2025-04-23 18:05:28,524 - INFO - Answer created for question 3: Testing only by developers
2025-04-23 18:05:28,536 - INFO - Module 3 created: Test Design Techniques
2025-04-23 18:05:28,541 - INFO - Lesson 3.1 created: Equivalence Partitioning
2025-04-23 18:05:28,547 - INFO - Assessment created for lesson 3.1: Equivalence Partitioning Quiz
2025-04-23 18:05:28,550 - INFO - Deleted existing questions for assessment: Equivalence Partitioning Quiz
2025-04-23 18:05:28,552 - INFO - Question 1 created for assessment: What is the main purpose of equivalence partitioning?
2025-04-23 18:05:28,553 - INFO - Answer created for question 1: To test every possible input value
2025-04-23 18:05:28,554 - INFO - Answer created for question 1: To test boundary values only
2025-04-23 18:05:28,555 - INFO - Answer created for question 1: To reduce the number of test cases while maintaining good coverage
2025-04-23 18:05:28,556 - INFO - Answer created for question 1: To focus on complex error conditions
2025-04-23 18:05:28,557 - INFO - Question 2 created for assessment: For a field that accepts values between 0 and 100, how many equivalence classes would you typically identify?
2025-04-23 18:05:28,558 - INFO - Answer created for question 2: 1 (all values between 0 and 100)
2025-04-23 18:05:28,559 - INFO - Answer created for question 2: 2 (valid: 0-100, invalid: all other values)
2025-04-23 18:05:28,560 - INFO - Answer created for question 2: 3 (invalid: < 0, valid: 0-100, invalid: > 100)
2025-04-23 18:05:28,561 - INFO - Answer created for question 2: 101 (one for each possible value)
2025-04-23 18:05:28,563 - INFO - Question 3 created for assessment: When applying equivalence partitioning to test a login form, which of the following is NOT a valid equivalence class?
2025-04-23 18:05:28,564 - INFO - Answer created for question 3: Valid usernames
2025-04-23 18:05:28,565 - INFO - Answer created for question 3: Empty usernames
2025-04-23 18:05:28,566 - INFO - Answer created for question 3: Usernames with special characters
2025-04-23 18:05:28,566 - INFO - Answer created for question 3: The specific username "admin"
2025-04-23 18:05:28,569 - INFO - Lesson 3.2 created: Boundary Value Analysis
2025-04-23 18:05:28,578 - INFO - Lesson 3.3 created: Decision Tables and State Transition Testing
2025-04-23 18:05:28,582 - INFO - Assessment created for lesson 3.3: Decision Tables and State Transition Testing Quiz
2025-04-23 18:05:28,584 - INFO - Deleted existing questions for assessment: Decision Tables and State Transition Testing Quiz
2025-04-23 18:05:28,586 - INFO - Question 1 created for assessment: When would you use decision table testing?
2025-04-23 18:05:28,588 - INFO - Answer created for question 1: For systems with clearly defined states
2025-04-23 18:05:28,589 - INFO - Answer created for question 1: When requirements contain logical conditions (if-then-else)
2025-04-23 18:05:28,591 - INFO - Answer created for question 1: For performance testing
2025-04-23 18:05:28,592 - INFO - Answer created for question 1: When testing UI elements
2025-04-23 18:05:28,594 - INFO - Question 2 created for assessment: What is a key component of state transition testing?
2025-04-23 18:05:28,595 - INFO - Answer created for question 2: Identifying all possible states of the system
2025-04-23 18:05:28,597 - INFO - Answer created for question 2: Creating truth tables
2025-04-23 18:05:28,598 - INFO - Answer created for question 2: Testing all possible input values
2025-04-23 18:05:28,599 - INFO - Answer created for question 2: Identifying all SQL queries
2025-04-23 18:05:28,600 - INFO - Question 3 created for assessment: What does "1-switch coverage" mean in state transition testing?
2025-04-23 18:05:28,601 - INFO - Answer created for question 3: Testing all states
2025-04-23 18:05:28,602 - INFO - Answer created for question 3: Testing all transitions
2025-04-23 18:05:28,604 - INFO - Answer created for question 3: Testing the system once
2025-04-23 18:05:28,605 - INFO - Answer created for question 3: Testing with one user
2025-04-23 18:05:28,610 - INFO - Module 4 created: Test Planning and Management
2025-04-23 18:05:28,615 - INFO - Lesson 4.1 created: Test Planning and Strategy
2025-04-23 18:05:28,618 - INFO - Resource created for lesson 4.1: Test Plan Template (IEEE 829)
2025-04-23 18:05:28,621 - INFO - Resource created for lesson 4.1: Risk Assessment Matrix Spreadsheet
2025-04-23 18:05:28,624 - INFO - Assessment created for lesson 4.1: Test Planning and Strategy Quiz
2025-04-23 18:05:28,626 - INFO - Deleted existing questions for assessment: Test Planning and Strategy Quiz
2025-04-23 18:05:28,628 - INFO - Question 1 created for assessment: Which of the following is a difference between a test strategy and a test plan?
2025-04-23 18:05:28,630 - INFO - Answer created for question 1: Test strategy is project-specific while test plan is organization-wide
2025-04-23 18:05:28,631 - INFO - Answer created for question 1: Test strategy is high-level while test plan is detailed
2025-04-23 18:05:28,632 - INFO - Answer created for question 1: Test strategy is created by developers while test plan is created by testers
2025-04-23 18:05:28,633 - INFO - Answer created for question 1: Test strategy focuses on automation while test plan focuses on manual testing
2025-04-23 18:05:28,634 - INFO - Question 2 created for assessment: What is the purpose of risk-based testing?
2025-04-23 18:05:28,637 - INFO - Answer created for question 2: To avoid testing risky features
2025-04-23 18:05:28,639 - INFO - Answer created for question 2: To prioritize testing effort based on risk levels
2025-04-23 18:05:28,640 - INFO - Answer created for question 2: To eliminate all project risks
2025-04-23 18:05:28,641 - INFO - Answer created for question 2: To test only high-risk features
2025-04-23 18:05:28,643 - INFO - Question 3 created for assessment: Which test estimation technique uses the formula: (Optimistic + 4x Most Likely + Pessimistic) ÷ 6?
2025-04-23 18:05:28,645 - INFO - Answer created for question 3: Expert Judgment
2025-04-23 18:05:28,647 - INFO - Answer created for question 3: Function Point Analysis
2025-04-23 18:05:28,648 - INFO - Answer created for question 3: Three-Point Estimation
2025-04-23 18:05:28,649 - INFO - Answer created for question 3: Test Point Analysis
2025-04-23 18:05:28,650 - INFO - Question 4 created for assessment: What does "defect density" measure?
2025-04-23 18:05:28,651 - INFO - Answer created for question 4: The total number of defects
2025-04-23 18:05:28,651 - INFO - Answer created for question 4: The number of defects per size unit (e.g., per KLOC)
2025-04-23 18:05:28,652 - INFO - Answer created for question 4: The complexity of defects
2025-04-23 18:05:28,654 - INFO - Answer created for question 4: The time taken to fix defects
2025-04-23 18:05:28,658 - INFO - Lesson 4.2 created: Test Documentation
2025-04-23 18:05:28,669 - INFO - Resource created for lesson 4.2: Test Case Template Package
2025-04-23 18:05:28,674 - INFO - Assessment created for lesson 4.2: Test Documentation Quiz
2025-04-23 18:05:28,676 - INFO - Deleted existing questions for assessment: Test Documentation Quiz
2025-04-23 18:05:28,677 - INFO - Question 1 created for assessment: What is the purpose of a traceability matrix?
2025-04-23 18:05:28,681 - INFO - Answer created for question 1: To track defects and their resolution
2025-04-23 18:05:28,684 - INFO - Answer created for question 1: To map test cases to requirements
2025-04-23 18:05:28,686 - INFO - Answer created for question 1: To document test execution results
2025-04-23 18:05:28,687 - INFO - Answer created for question 1: To estimate testing effort
2025-04-23 18:05:28,689 - INFO - Question 2 created for assessment: Which of the following is NOT a best practice for writing test cases?
2025-04-23 18:05:28,690 - INFO - Answer created for question 2: Be clear and concise
2025-04-23 18:05:28,691 - INFO - Answer created for question 2: Make test cases independent
2025-04-23 18:05:28,694 - INFO - Answer created for question 2: Combine multiple test objectives in one test case for efficiency
2025-04-23 18:05:28,697 - INFO - Answer created for question 2: Include both positive and negative tests
2025-04-23 18:05:28,699 - INFO - Question 3 created for assessment: What should be included in a test execution report?
2025-04-23 18:05:28,703 - INFO - Answer created for question 3: Tests passed/failed/blocked
2025-04-23 18:05:28,704 - INFO - Answer created for question 3: Detailed development specifications
2025-04-23 18:05:28,705 - INFO - Answer created for question 3: User story acceptance criteria
2025-04-23 18:05:28,706 - INFO - Answer created for question 3: Project budget information
2025-04-23 18:05:28,714 - INFO - Module 5 created: Automated Testing
2025-04-23 18:05:28,719 - INFO - Lesson 5.1 created: Introduction to Test Automation
2025-04-23 18:05:28,722 - INFO - Assessment created for lesson 5.1: Test Automation Fundamentals Quiz
2025-04-23 18:05:28,724 - INFO - Deleted existing questions for assessment: Test Automation Fundamentals Quiz
2025-04-23 18:05:28,729 - INFO - Question 1 created for assessment: According to the test automation pyramid, which type of tests should be the majority?
2025-04-23 18:05:28,731 - INFO - Answer created for question 1: UI Tests
2025-04-23 18:05:28,733 - INFO - Answer created for question 1: Integration Tests
2025-04-23 18:05:28,734 - INFO - Answer created for question 1: Unit Tests
2025-04-23 18:05:28,735 - INFO - Answer created for question 1: Manual Tests
2025-04-23 18:05:28,736 - INFO - Question 2 created for assessment: Which of the following is NOT a typical benefit of test automation?
2025-04-23 18:05:28,737 - INFO - Answer created for question 2: Time savings
2025-04-23 18:05:28,738 - INFO - Answer created for question 2: Improved accuracy
2025-04-23 18:05:28,739 - INFO - Answer created for question 2: Better usability evaluation
2025-04-23 18:05:28,741 - INFO - Answer created for question 2: Increased test coverage
2025-04-23 18:05:28,745 - INFO - Question 3 created for assessment: Which of the following would be the best candidate for test automation?
2025-04-23 18:05:28,747 - INFO - Answer created for question 3: Exploratory testing of a new feature
2025-04-23 18:05:28,752 - INFO - Answer created for question 3: Usability evaluation of a redesigned interface
2025-04-23 18:05:28,753 - INFO - Answer created for question 3: Regression testing of core functionality
2025-04-23 18:05:28,754 - INFO - Answer created for question 3: One-time data migration validation
2025-04-23 18:05:28,754 - INFO - 
Software Testing course has been successfully created or updated.
2025-04-23 18:05:28,755 - INFO - Course URL: http://localhost:8000/admin/courses/course/1/change/
2025-04-23 18:05:28,755 - INFO - Script completed successfully!
